2024-10-21 22:33:49.397  INFO 10872 --- [main] com.example.demo.SareetaApplication      : Starting SareetaApplication on DESKTOP-HIJ1F3P with PID 10872 (C:\Users\Trum's\Desktop\nd035-c4-Security-and-DevOps\starter_code\target\classes started by Trum's in C:\Users\Trum's\Desktop\nd035-c4-Security-and-DevOps\starter_code)
2024-10-21 22:33:49.412  INFO 10872 --- [main] com.example.demo.SareetaApplication      : No active profile set, falling back to default profiles: default
2024-10-21 22:33:50.036  INFO 10872 --- [main] .s.d.r.c.RepositoryConfigurationDelegate : Bootstrapping Spring Data repositories in DEFAULT mode.
2024-10-21 22:33:50.107  INFO 10872 --- [main] .s.d.r.c.RepositoryConfigurationDelegate : Finished Spring Data repository scanning in 63ms. Found 4 repository interfaces.
2024-10-21 22:33:50.515  INFO 10872 --- [main] trationDelegate$BeanPostProcessorChecker : Bean 'org.springframework.transaction.annotation.ProxyTransactionManagementConfiguration' of type [org.springframework.transaction.annotation.ProxyTransactionManagementConfiguration$$EnhancerBySpringCGLIB$$e2ad2301] is not eligible for getting processed by all BeanPostProcessors (for example: not eligible for auto-proxying)
2024-10-21 22:33:50.732  INFO 10872 --- [main] o.s.b.w.embedded.tomcat.TomcatWebServer  : Tomcat initialized with port(s): 8080 (http)
2024-10-21 22:33:50.762  INFO 10872 --- [main] o.apache.catalina.core.StandardService   : Starting service [Tomcat]
2024-10-21 22:33:50.764  INFO 10872 --- [main] org.apache.catalina.core.StandardEngine  : Starting Servlet engine: [Apache Tomcat/9.0.19]
2024-10-21 22:33:50.885  INFO 10872 --- [main] o.a.c.c.C.[Tomcat].[localhost].[/]       : Initializing Spring embedded WebApplicationContext
2024-10-21 22:33:50.885  INFO 10872 --- [main] o.s.web.context.ContextLoader            : Root WebApplicationContext: initialization completed in 1425 ms
2024-10-21 22:33:51.049  INFO 10872 --- [main] com.zaxxer.hikari.HikariDataSource       : HikariPool-1 - Starting...
2024-10-21 22:33:51.148  INFO 10872 --- [main] com.zaxxer.hikari.HikariDataSource       : HikariPool-1 - Start completed.
2024-10-21 22:33:51.231  INFO 10872 --- [main] o.hibernate.jpa.internal.util.LogHelper  : HHH000204: Processing PersistenceUnitInfo [
	name: default
	...]
2024-10-21 22:33:51.293  INFO 10872 --- [main] org.hibernate.Version                    : HHH000412: Hibernate Core {5.3.10.Final}
2024-10-21 22:33:51.295  INFO 10872 --- [main] org.hibernate.cfg.Environment            : HHH000206: hibernate.properties not found
2024-10-21 22:33:51.439  INFO 10872 --- [main] o.hibernate.annotations.common.Version   : HCANN000001: Hibernate Commons Annotations {5.0.4.Final}
2024-10-21 22:33:51.573  INFO 10872 --- [main] org.hibernate.dialect.Dialect            : HHH000400: Using dialect: org.hibernate.dialect.H2Dialect
2024-10-21 22:33:52.274  INFO 10872 --- [main] j.LocalContainerEntityManagerFactoryBean : Initialized JPA EntityManagerFactory for persistence unit 'default'
2024-10-21 22:33:52.781  WARN 10872 --- [main] aWebConfiguration$JpaWebMvcConfiguration : spring.jpa.open-in-view is enabled by default. Therefore, database queries may be performed during view rendering. Explicitly configure spring.jpa.open-in-view to disable this warning
2024-10-21 22:33:52.839  INFO 10872 --- [main] o.s.s.web.DefaultSecurityFilterChain     : Creating filter chain: any request, [org.springframework.security.web.context.request.async.WebAsyncManagerIntegrationFilter@a30dbc0, org.springframework.security.web.context.SecurityContextPersistenceFilter@10a064bd, org.springframework.security.web.header.HeaderWriterFilter@cb1c58c, org.springframework.web.filter.CorsFilter@76104df5, org.springframework.security.web.authentication.logout.LogoutFilter@30ed4034, com.example.demo.security.JWTAuthenticationFilter@61246109, com.example.demo.security.JWTAuthenticationVerficationFilter@3f9e8af5, org.springframework.security.web.savedrequest.RequestCacheAwareFilter@2de7fe0e, org.springframework.security.web.servletapi.SecurityContextHolderAwareRequestFilter@20723ee, org.springframework.security.web.authentication.AnonymousAuthenticationFilter@337cb81d, org.springframework.security.web.session.SessionManagementFilter@352e4b6d, org.springframework.security.web.access.ExceptionTranslationFilter@7fa85a55, org.springframework.security.web.access.intercept.FilterSecurityInterceptor@3c82bac3]
2024-10-21 22:33:52.925  INFO 10872 --- [main] o.s.s.concurrent.ThreadPoolTaskExecutor  : Initializing ExecutorService 'applicationTaskExecutor'
2024-10-21 22:33:53.043  INFO 10872 --- [main] o.s.b.w.embedded.tomcat.TomcatWebServer  : Tomcat started on port(s): 8080 (http) with context path ''
2024-10-21 22:33:53.044  INFO 10872 --- [main] com.example.demo.SareetaApplication      : Started SareetaApplication in 3.974 seconds (JVM running for 5.368)
2024-10-21 22:34:07.514  INFO 10872 --- [http-nio-8080-exec-1] o.a.c.c.C.[Tomcat].[localhost].[/]       : Initializing Spring DispatcherServlet 'dispatcherServlet'
2024-10-21 22:34:07.515  INFO 10872 --- [http-nio-8080-exec-1] o.s.web.servlet.DispatcherServlet        : Initializing Servlet 'dispatcherServlet'
2024-10-21 22:34:07.521  INFO 10872 --- [http-nio-8080-exec-1] o.s.web.servlet.DispatcherServlet        : Completed initialization in 6 ms
2024-10-21 22:34:07.605  INFO 10872 --- [http-nio-8080-exec-1] c.e.demo.controllers.UserController      : Start createUser
2024-10-21 22:34:07.726  INFO 10872 --- [http-nio-8080-exec-1] c.e.demo.controllers.UserController      : End createUser
2024-10-21 22:34:20.412  INFO 10872 --- [Thread-10] o.s.s.concurrent.ThreadPoolTaskExecutor  : Shutting down ExecutorService 'applicationTaskExecutor'
2024-10-21 22:34:20.414  INFO 10872 --- [Thread-10] j.LocalContainerEntityManagerFactoryBean : Closing JPA EntityManagerFactory for persistence unit 'default'
2024-10-21 22:34:20.415  INFO 10872 --- [Thread-10] com.zaxxer.hikari.HikariDataSource       : HikariPool-1 - Shutdown initiated...
2024-10-21 22:34:20.417  INFO 10872 --- [Thread-10] com.zaxxer.hikari.HikariDataSource       : HikariPool-1 - Shutdown completed.
2024-10-21 23:01:05.434  INFO 2392 --- [main] com.example.demo.SareetaApplication      : Starting SareetaApplication on DESKTOP-HIJ1F3P with PID 2392 (C:\Users\Trum's\Desktop\nd035-c4-Security-and-DevOps\starter_code\target\classes started by Trum's in C:\Users\Trum's\Desktop\nd035-c4-Security-and-DevOps\starter_code)
2024-10-21 23:01:05.437  INFO 2392 --- [main] com.example.demo.SareetaApplication      : No active profile set, falling back to default profiles: default
2024-10-21 23:01:06.089  INFO 2392 --- [main] .s.d.r.c.RepositoryConfigurationDelegate : Bootstrapping Spring Data repositories in DEFAULT mode.
2024-10-21 23:01:06.148  INFO 2392 --- [main] .s.d.r.c.RepositoryConfigurationDelegate : Finished Spring Data repository scanning in 52ms. Found 4 repository interfaces.
2024-10-21 23:01:06.507  INFO 2392 --- [main] trationDelegate$BeanPostProcessorChecker : Bean 'org.springframework.transaction.annotation.ProxyTransactionManagementConfiguration' of type [org.springframework.transaction.annotation.ProxyTransactionManagementConfiguration$$EnhancerBySpringCGLIB$$b94e1a72] is not eligible for getting processed by all BeanPostProcessors (for example: not eligible for auto-proxying)
2024-10-21 23:01:06.682  INFO 2392 --- [main] o.s.b.w.embedded.tomcat.TomcatWebServer  : Tomcat initialized with port(s): 8080 (http)
2024-10-21 23:01:06.698  INFO 2392 --- [main] o.apache.catalina.core.StandardService   : Starting service [Tomcat]
2024-10-21 23:01:06.698  INFO 2392 --- [main] org.apache.catalina.core.StandardEngine  : Starting Servlet engine: [Apache Tomcat/9.0.19]
2024-10-21 23:01:06.791  INFO 2392 --- [main] o.a.c.c.C.[Tomcat].[localhost].[/]       : Initializing Spring embedded WebApplicationContext
2024-10-21 23:01:06.791  INFO 2392 --- [main] o.s.web.context.ContextLoader            : Root WebApplicationContext: initialization completed in 1307 ms
2024-10-21 23:01:06.914  INFO 2392 --- [main] com.zaxxer.hikari.HikariDataSource       : HikariPool-1 - Starting...
2024-10-21 23:01:06.988  INFO 2392 --- [main] com.zaxxer.hikari.HikariDataSource       : HikariPool-1 - Start completed.
2024-10-21 23:01:07.076  INFO 2392 --- [main] o.hibernate.jpa.internal.util.LogHelper  : HHH000204: Processing PersistenceUnitInfo [
	name: default
	...]
2024-10-21 23:01:07.123  INFO 2392 --- [main] org.hibernate.Version                    : HHH000412: Hibernate Core {5.3.10.Final}
2024-10-21 23:01:07.124  INFO 2392 --- [main] org.hibernate.cfg.Environment            : HHH000206: hibernate.properties not found
2024-10-21 23:01:07.229  INFO 2392 --- [main] o.hibernate.annotations.common.Version   : HCANN000001: Hibernate Commons Annotations {5.0.4.Final}
2024-10-21 23:01:07.334  INFO 2392 --- [main] org.hibernate.dialect.Dialect            : HHH000400: Using dialect: org.hibernate.dialect.H2Dialect
2024-10-21 23:01:07.886  INFO 2392 --- [main] j.LocalContainerEntityManagerFactoryBean : Initialized JPA EntityManagerFactory for persistence unit 'default'
2024-10-21 23:01:08.350  WARN 2392 --- [main] aWebConfiguration$JpaWebMvcConfiguration : spring.jpa.open-in-view is enabled by default. Therefore, database queries may be performed during view rendering. Explicitly configure spring.jpa.open-in-view to disable this warning
2024-10-21 23:01:08.413  INFO 2392 --- [main] o.s.s.web.DefaultSecurityFilterChain     : Creating filter chain: any request, [org.springframework.security.web.context.request.async.WebAsyncManagerIntegrationFilter@2560a7be, org.springframework.security.web.context.SecurityContextPersistenceFilter@3f033664, org.springframework.security.web.header.HeaderWriterFilter@5981f2c6, org.springframework.web.filter.CorsFilter@fabfc79, org.springframework.security.web.authentication.logout.LogoutFilter@50ecef36, com.example.demo.security.JWTAuthenticationFilter@59aa2fba, com.example.demo.security.JWTAuthenticationVerficationFilter@578d5d02, org.springframework.security.web.savedrequest.RequestCacheAwareFilter@4713b631, org.springframework.security.web.servletapi.SecurityContextHolderAwareRequestFilter@efa04b5, org.springframework.security.web.authentication.AnonymousAuthenticationFilter@77f04d1a, org.springframework.security.web.session.SessionManagementFilter@45451333, org.springframework.security.web.access.ExceptionTranslationFilter@30a791a6, org.springframework.security.web.access.intercept.FilterSecurityInterceptor@495bc9e7]
2024-10-21 23:01:08.505  INFO 2392 --- [main] o.s.s.concurrent.ThreadPoolTaskExecutor  : Initializing ExecutorService 'applicationTaskExecutor'
2024-10-21 23:01:08.631  INFO 2392 --- [main] o.s.b.w.embedded.tomcat.TomcatWebServer  : Tomcat started on port(s): 8080 (http) with context path ''
2024-10-21 23:01:08.634  INFO 2392 --- [main] com.example.demo.SareetaApplication      : Started SareetaApplication in 3.581 seconds (JVM running for 4.288)
2024-10-21 23:01:11.202  INFO 2392 --- [http-nio-8080-exec-2] o.a.c.c.C.[Tomcat].[localhost].[/]       : Initializing Spring DispatcherServlet 'dispatcherServlet'
2024-10-21 23:01:11.202  INFO 2392 --- [http-nio-8080-exec-2] o.s.web.servlet.DispatcherServlet        : Initializing Servlet 'dispatcherServlet'
2024-10-21 23:01:11.207  INFO 2392 --- [http-nio-8080-exec-2] o.s.web.servlet.DispatcherServlet        : Completed initialization in 5 ms
2024-10-21 23:01:11.277  INFO 2392 --- [http-nio-8080-exec-2] c.e.demo.controllers.UserController      : Start createUser
2024-10-21 23:01:11.388  INFO 2392 --- [http-nio-8080-exec-2] c.e.demo.controllers.UserController      : CreateUser request successes
2024-10-21 23:01:11.388  INFO 2392 --- [http-nio-8080-exec-2] c.e.demo.controllers.UserController      : End createUser
2024-10-21 23:01:14.610  INFO 2392 --- [Thread-10] o.s.s.concurrent.ThreadPoolTaskExecutor  : Shutting down ExecutorService 'applicationTaskExecutor'
2024-10-21 23:01:14.612  INFO 2392 --- [Thread-10] j.LocalContainerEntityManagerFactoryBean : Closing JPA EntityManagerFactory for persistence unit 'default'
2024-10-21 23:01:14.613  INFO 2392 --- [Thread-10] com.zaxxer.hikari.HikariDataSource       : HikariPool-1 - Shutdown initiated...
2024-10-21 23:01:14.614  INFO 2392 --- [Thread-10] com.zaxxer.hikari.HikariDataSource       : HikariPool-1 - Shutdown completed.
2024-10-21 23:25:14.236  INFO 5740 --- [main] c.example.demo.SareetaApplicationTests   : Starting SareetaApplicationTests on DESKTOP-HIJ1F3P with PID 5740 (started by Trum's in C:\Users\Trum's\Desktop\nd035-c4-Security-and-DevOps\starter_code)
2024-10-21 23:25:14.237  INFO 5740 --- [main] c.example.demo.SareetaApplicationTests   : No active profile set, falling back to default profiles: default
2024-10-21 23:25:14.820  INFO 5740 --- [main] .s.d.r.c.RepositoryConfigurationDelegate : Bootstrapping Spring Data repositories in DEFAULT mode.
2024-10-21 23:25:14.882  INFO 5740 --- [main] .s.d.r.c.RepositoryConfigurationDelegate : Finished Spring Data repository scanning in 55ms. Found 4 repository interfaces.
2024-10-21 23:25:15.373  INFO 5740 --- [main] trationDelegate$BeanPostProcessorChecker : Bean 'org.springframework.transaction.annotation.ProxyTransactionManagementConfiguration' of type [org.springframework.transaction.annotation.ProxyTransactionManagementConfiguration$$EnhancerBySpringCGLIB$$d2593a5] is not eligible for getting processed by all BeanPostProcessors (for example: not eligible for auto-proxying)
2024-10-21 23:25:15.548  INFO 5740 --- [main] com.zaxxer.hikari.HikariDataSource       : HikariPool-1 - Starting...
2024-10-21 23:25:15.761  INFO 5740 --- [main] com.zaxxer.hikari.HikariDataSource       : HikariPool-1 - Start completed.
2024-10-21 23:25:15.843  INFO 5740 --- [main] o.hibernate.jpa.internal.util.LogHelper  : HHH000204: Processing PersistenceUnitInfo [
	name: default
	...]
2024-10-21 23:25:15.910  INFO 5740 --- [main] org.hibernate.Version                    : HHH000412: Hibernate Core {5.3.10.Final}
2024-10-21 23:25:15.911  INFO 5740 --- [main] org.hibernate.cfg.Environment            : HHH000206: hibernate.properties not found
2024-10-21 23:25:16.043  INFO 5740 --- [main] o.hibernate.annotations.common.Version   : HCANN000001: Hibernate Commons Annotations {5.0.4.Final}
2024-10-21 23:25:16.324  INFO 5740 --- [main] org.hibernate.dialect.Dialect            : HHH000400: Using dialect: org.hibernate.dialect.H2Dialect
2024-10-21 23:25:17.051  INFO 5740 --- [main] j.LocalContainerEntityManagerFactoryBean : Initialized JPA EntityManagerFactory for persistence unit 'default'
2024-10-21 23:25:17.690  WARN 5740 --- [main] aWebConfiguration$JpaWebMvcConfiguration : spring.jpa.open-in-view is enabled by default. Therefore, database queries may be performed during view rendering. Explicitly configure spring.jpa.open-in-view to disable this warning
2024-10-21 23:25:17.784  INFO 5740 --- [main] o.s.s.web.DefaultSecurityFilterChain     : Creating filter chain: any request, [org.springframework.security.web.context.request.async.WebAsyncManagerIntegrationFilter@2bb0e277, org.springframework.security.web.context.SecurityContextPersistenceFilter@49631cfb, org.springframework.security.web.header.HeaderWriterFilter@16e195cf, org.springframework.web.filter.CorsFilter@6f24ce45, org.springframework.security.web.authentication.logout.LogoutFilter@687a0e40, com.example.demo.security.JWTAuthenticationFilter@e881e46, com.example.demo.security.JWTAuthenticationVerficationFilter@657b3b, org.springframework.security.web.savedrequest.RequestCacheAwareFilter@6133e20b, org.springframework.security.web.servletapi.SecurityContextHolderAwareRequestFilter@1cc41b77, org.springframework.security.web.authentication.AnonymousAuthenticationFilter@2cea921a, org.springframework.security.web.session.SessionManagementFilter@74c7522c, org.springframework.security.web.access.ExceptionTranslationFilter@79f1e22e, org.springframework.security.web.access.intercept.FilterSecurityInterceptor@44abdb1f]
2024-10-21 23:25:18.259  INFO 5740 --- [main] o.s.s.concurrent.ThreadPoolTaskExecutor  : Initializing ExecutorService 'applicationTaskExecutor'
2024-10-21 23:25:18.489  INFO 5740 --- [main] c.example.demo.SareetaApplicationTests   : Started SareetaApplicationTests in 4.547 seconds (JVM running for 5.296)
2024-10-21 23:25:18.548  INFO 5740 --- [Thread-5] o.s.s.concurrent.ThreadPoolTaskExecutor  : Shutting down ExecutorService 'applicationTaskExecutor'
2024-10-21 23:25:18.551  INFO 5740 --- [Thread-5] j.LocalContainerEntityManagerFactoryBean : Closing JPA EntityManagerFactory for persistence unit 'default'
2024-10-21 23:25:18.553  INFO 5740 --- [Thread-5] com.zaxxer.hikari.HikariDataSource       : HikariPool-1 - Shutdown initiated...
2024-10-21 23:25:18.554  INFO 5740 --- [Thread-5] com.zaxxer.hikari.HikariDataSource       : HikariPool-1 - Shutdown completed.
2024-10-21 23:48:40.707  INFO 3212 --- [main] c.example.demo.SareetaApplicationTests   : Starting SareetaApplicationTests on DESKTOP-HIJ1F3P with PID 3212 (started by Trum's in C:\Users\Trum's\Desktop\nd035-c4-Security-and-DevOps\starter_code)
2024-10-21 23:48:40.710  INFO 3212 --- [main] c.example.demo.SareetaApplicationTests   : No active profile set, falling back to default profiles: default
2024-10-21 23:48:41.323  INFO 3212 --- [main] .s.d.r.c.RepositoryConfigurationDelegate : Bootstrapping Spring Data repositories in DEFAULT mode.
2024-10-21 23:48:41.386  INFO 3212 --- [main] .s.d.r.c.RepositoryConfigurationDelegate : Finished Spring Data repository scanning in 55ms. Found 4 repository interfaces.
2024-10-21 23:48:41.776  INFO 3212 --- [main] trationDelegate$BeanPostProcessorChecker : Bean 'org.springframework.transaction.annotation.ProxyTransactionManagementConfiguration' of type [org.springframework.transaction.annotation.ProxyTransactionManagementConfiguration$$EnhancerBySpringCGLIB$$8403d7cf] is not eligible for getting processed by all BeanPostProcessors (for example: not eligible for auto-proxying)
2024-10-21 23:48:41.931  INFO 3212 --- [main] com.zaxxer.hikari.HikariDataSource       : HikariPool-1 - Starting...
2024-10-21 23:48:42.136  INFO 3212 --- [main] com.zaxxer.hikari.HikariDataSource       : HikariPool-1 - Start completed.
2024-10-21 23:48:42.220  INFO 3212 --- [main] o.hibernate.jpa.internal.util.LogHelper  : HHH000204: Processing PersistenceUnitInfo [
	name: default
	...]
2024-10-21 23:48:42.282  INFO 3212 --- [main] org.hibernate.Version                    : HHH000412: Hibernate Core {5.3.10.Final}
2024-10-21 23:48:42.283  INFO 3212 --- [main] org.hibernate.cfg.Environment            : HHH000206: hibernate.properties not found
2024-10-21 23:48:42.403  INFO 3212 --- [main] o.hibernate.annotations.common.Version   : HCANN000001: Hibernate Commons Annotations {5.0.4.Final}
2024-10-21 23:48:42.630  INFO 3212 --- [main] org.hibernate.dialect.Dialect            : HHH000400: Using dialect: org.hibernate.dialect.H2Dialect
2024-10-21 23:48:43.336  INFO 3212 --- [main] j.LocalContainerEntityManagerFactoryBean : Initialized JPA EntityManagerFactory for persistence unit 'default'
2024-10-21 23:48:44.080  WARN 3212 --- [main] aWebConfiguration$JpaWebMvcConfiguration : spring.jpa.open-in-view is enabled by default. Therefore, database queries may be performed during view rendering. Explicitly configure spring.jpa.open-in-view to disable this warning
2024-10-21 23:48:44.181  INFO 3212 --- [main] o.s.s.web.DefaultSecurityFilterChain     : Creating filter chain: any request, [org.springframework.security.web.context.request.async.WebAsyncManagerIntegrationFilter@55044b34, org.springframework.security.web.context.SecurityContextPersistenceFilter@3212d853, org.springframework.security.web.header.HeaderWriterFilter@6903ed0e, org.springframework.web.filter.CorsFilter@28dd81ad, org.springframework.security.web.authentication.logout.LogoutFilter@67b5e613, com.example.demo.security.JWTAuthenticationFilter@300a38e7, com.example.demo.security.JWTAuthenticationVerficationFilter@5c9a4f3b, org.springframework.security.web.savedrequest.RequestCacheAwareFilter@77c23d90, org.springframework.security.web.servletapi.SecurityContextHolderAwareRequestFilter@3d033453, org.springframework.security.web.authentication.AnonymousAuthenticationFilter@2bb0e277, org.springframework.security.web.session.SessionManagementFilter@16ea0f22, org.springframework.security.web.access.ExceptionTranslationFilter@793cef95, org.springframework.security.web.access.intercept.FilterSecurityInterceptor@fcd0e8d]
2024-10-21 23:48:44.670  INFO 3212 --- [main] o.s.s.concurrent.ThreadPoolTaskExecutor  : Initializing ExecutorService 'applicationTaskExecutor'
2024-10-21 23:48:44.935  INFO 3212 --- [main] c.example.demo.SareetaApplicationTests   : Started SareetaApplicationTests in 4.608 seconds (JVM running for 5.39)
2024-10-21 23:48:45.009  INFO 3212 --- [Thread-5] o.s.s.concurrent.ThreadPoolTaskExecutor  : Shutting down ExecutorService 'applicationTaskExecutor'
2024-10-21 23:48:45.013  INFO 3212 --- [Thread-5] j.LocalContainerEntityManagerFactoryBean : Closing JPA EntityManagerFactory for persistence unit 'default'
2024-10-21 23:48:45.015  INFO 3212 --- [Thread-5] com.zaxxer.hikari.HikariDataSource       : HikariPool-1 - Shutdown initiated...
2024-10-21 23:48:45.020  INFO 3212 --- [Thread-5] com.zaxxer.hikari.HikariDataSource       : HikariPool-1 - Shutdown completed.
2024-10-21 23:54:02.100  INFO 15948 --- [main] c.example.demo.SareetaApplicationTests   : Starting SareetaApplicationTests on DESKTOP-HIJ1F3P with PID 15948 (started by Trum's in C:\Users\Trum's\Desktop\nd035-c4-Security-and-DevOps\starter_code)
2024-10-21 23:54:02.101  INFO 15948 --- [main] c.example.demo.SareetaApplicationTests   : No active profile set, falling back to default profiles: default
2024-10-21 23:54:02.839  INFO 15948 --- [main] .s.d.r.c.RepositoryConfigurationDelegate : Bootstrapping Spring Data repositories in DEFAULT mode.
2024-10-21 23:54:02.908  INFO 15948 --- [main] .s.d.r.c.RepositoryConfigurationDelegate : Finished Spring Data repository scanning in 62ms. Found 4 repository interfaces.
2024-10-21 23:54:03.394  INFO 15948 --- [main] trationDelegate$BeanPostProcessorChecker : Bean 'org.springframework.transaction.annotation.ProxyTransactionManagementConfiguration' of type [org.springframework.transaction.annotation.ProxyTransactionManagementConfiguration$$EnhancerBySpringCGLIB$$2bc3ef9c] is not eligible for getting processed by all BeanPostProcessors (for example: not eligible for auto-proxying)
2024-10-21 23:54:03.565  INFO 15948 --- [main] com.zaxxer.hikari.HikariDataSource       : HikariPool-1 - Starting...
2024-10-21 23:54:03.765  INFO 15948 --- [main] com.zaxxer.hikari.HikariDataSource       : HikariPool-1 - Start completed.
2024-10-21 23:54:03.843  INFO 15948 --- [main] o.hibernate.jpa.internal.util.LogHelper  : HHH000204: Processing PersistenceUnitInfo [
	name: default
	...]
2024-10-21 23:54:03.899  INFO 15948 --- [main] org.hibernate.Version                    : HHH000412: Hibernate Core {5.3.10.Final}
2024-10-21 23:54:03.900  INFO 15948 --- [main] org.hibernate.cfg.Environment            : HHH000206: hibernate.properties not found
2024-10-21 23:54:04.017  INFO 15948 --- [main] o.hibernate.annotations.common.Version   : HCANN000001: Hibernate Commons Annotations {5.0.4.Final}
2024-10-21 23:54:04.250  INFO 15948 --- [main] org.hibernate.dialect.Dialect            : HHH000400: Using dialect: org.hibernate.dialect.H2Dialect
2024-10-21 23:54:04.923  INFO 15948 --- [main] j.LocalContainerEntityManagerFactoryBean : Initialized JPA EntityManagerFactory for persistence unit 'default'
2024-10-21 23:54:05.547  WARN 15948 --- [main] aWebConfiguration$JpaWebMvcConfiguration : spring.jpa.open-in-view is enabled by default. Therefore, database queries may be performed during view rendering. Explicitly configure spring.jpa.open-in-view to disable this warning
2024-10-21 23:54:05.647  INFO 15948 --- [main] o.s.s.web.DefaultSecurityFilterChain     : Creating filter chain: any request, [org.springframework.security.web.context.request.async.WebAsyncManagerIntegrationFilter@34549979, org.springframework.security.web.context.SecurityContextPersistenceFilter@38c10190, org.springframework.security.web.header.HeaderWriterFilter@30ffb2a6, org.springframework.web.filter.CorsFilter@144a5e6e, org.springframework.security.web.authentication.logout.LogoutFilter@4abbe41c, com.example.demo.security.JWTAuthenticationFilter@2707c790, com.example.demo.security.JWTAuthenticationVerficationFilter@7de3206d, org.springframework.security.web.savedrequest.RequestCacheAwareFilter@2a7ebe07, org.springframework.security.web.servletapi.SecurityContextHolderAwareRequestFilter@6fc1a8f6, org.springframework.security.web.authentication.AnonymousAuthenticationFilter@6dece1f9, org.springframework.security.web.session.SessionManagementFilter@3d033453, org.springframework.security.web.access.ExceptionTranslationFilter@77c23d90, org.springframework.security.web.access.intercept.FilterSecurityInterceptor@300a38e7]
2024-10-21 23:54:06.116  INFO 15948 --- [main] o.s.s.concurrent.ThreadPoolTaskExecutor  : Initializing ExecutorService 'applicationTaskExecutor'
2024-10-21 23:54:06.341  INFO 15948 --- [main] c.example.demo.SareetaApplicationTests   : Started SareetaApplicationTests in 4.864 seconds (JVM running for 6.329)
2024-10-21 23:54:06.393  INFO 15948 --- [Thread-5] o.s.s.concurrent.ThreadPoolTaskExecutor  : Shutting down ExecutorService 'applicationTaskExecutor'
2024-10-21 23:54:06.395  INFO 15948 --- [Thread-5] j.LocalContainerEntityManagerFactoryBean : Closing JPA EntityManagerFactory for persistence unit 'default'
2024-10-21 23:54:06.397  INFO 15948 --- [Thread-5] com.zaxxer.hikari.HikariDataSource       : HikariPool-1 - Shutdown initiated...
2024-10-21 23:54:06.398  INFO 15948 --- [Thread-5] com.zaxxer.hikari.HikariDataSource       : HikariPool-1 - Shutdown completed.
2024-10-21 23:58:20.130  INFO 5784 --- [main] c.example.demo.SareetaApplicationTests   : Starting SareetaApplicationTests on DESKTOP-HIJ1F3P with PID 5784 (started by Trum's in C:\Users\Trum's\Desktop\nd035-c4-Security-and-DevOps\starter_code)
2024-10-21 23:58:20.132  INFO 5784 --- [main] c.example.demo.SareetaApplicationTests   : No active profile set, falling back to default profiles: default
2024-10-21 23:58:20.965  INFO 5784 --- [main] .s.d.r.c.RepositoryConfigurationDelegate : Bootstrapping Spring Data repositories in DEFAULT mode.
2024-10-21 23:58:21.021  INFO 5784 --- [main] .s.d.r.c.RepositoryConfigurationDelegate : Finished Spring Data repository scanning in 50ms. Found 4 repository interfaces.
2024-10-21 23:58:21.480  INFO 5784 --- [main] trationDelegate$BeanPostProcessorChecker : Bean 'org.springframework.transaction.annotation.ProxyTransactionManagementConfiguration' of type [org.springframework.transaction.annotation.ProxyTransactionManagementConfiguration$$EnhancerBySpringCGLIB$$851ba68a] is not eligible for getting processed by all BeanPostProcessors (for example: not eligible for auto-proxying)
2024-10-21 23:58:21.656  INFO 5784 --- [main] com.zaxxer.hikari.HikariDataSource       : HikariPool-1 - Starting...
2024-10-21 23:58:21.840  INFO 5784 --- [main] com.zaxxer.hikari.HikariDataSource       : HikariPool-1 - Start completed.
2024-10-21 23:58:21.908  INFO 5784 --- [main] o.hibernate.jpa.internal.util.LogHelper  : HHH000204: Processing PersistenceUnitInfo [
	name: default
	...]
2024-10-21 23:58:21.966  INFO 5784 --- [main] org.hibernate.Version                    : HHH000412: Hibernate Core {5.3.10.Final}
2024-10-21 23:58:21.967  INFO 5784 --- [main] org.hibernate.cfg.Environment            : HHH000206: hibernate.properties not found
2024-10-21 23:58:22.084  INFO 5784 --- [main] o.hibernate.annotations.common.Version   : HCANN000001: Hibernate Commons Annotations {5.0.4.Final}
2024-10-21 23:58:22.317  INFO 5784 --- [main] org.hibernate.dialect.Dialect            : HHH000400: Using dialect: org.hibernate.dialect.H2Dialect
2024-10-21 23:58:22.980  INFO 5784 --- [main] j.LocalContainerEntityManagerFactoryBean : Initialized JPA EntityManagerFactory for persistence unit 'default'
2024-10-21 23:58:23.600  WARN 5784 --- [main] aWebConfiguration$JpaWebMvcConfiguration : spring.jpa.open-in-view is enabled by default. Therefore, database queries may be performed during view rendering. Explicitly configure spring.jpa.open-in-view to disable this warning
2024-10-21 23:58:23.700  INFO 5784 --- [main] o.s.s.web.DefaultSecurityFilterChain     : Creating filter chain: any request, [org.springframework.security.web.context.request.async.WebAsyncManagerIntegrationFilter@78545d40, org.springframework.security.web.context.SecurityContextPersistenceFilter@38c10190, org.springframework.security.web.header.HeaderWriterFilter@6133e20b, org.springframework.web.filter.CorsFilter@34549979, org.springframework.security.web.authentication.logout.LogoutFilter@4abbe41c, com.example.demo.security.JWTAuthenticationFilter@144a5e6e, com.example.demo.security.JWTAuthenticationVerficationFilter@2707c790, org.springframework.security.web.savedrequest.RequestCacheAwareFilter@2a7ebe07, org.springframework.security.web.servletapi.SecurityContextHolderAwareRequestFilter@6fc1a8f6, org.springframework.security.web.authentication.AnonymousAuthenticationFilter@7de3206d, org.springframework.security.web.session.SessionManagementFilter@612af486, org.springframework.security.web.access.ExceptionTranslationFilter@74c7522c, org.springframework.security.web.access.intercept.FilterSecurityInterceptor@28dd81ad]
2024-10-21 23:58:24.157  INFO 5784 --- [main] o.s.s.concurrent.ThreadPoolTaskExecutor  : Initializing ExecutorService 'applicationTaskExecutor'
2024-10-21 23:58:24.388  INFO 5784 --- [main] c.example.demo.SareetaApplicationTests   : Started SareetaApplicationTests in 4.672 seconds (JVM running for 5.374)
2024-10-21 23:58:24.445  INFO 5784 --- [Thread-5] o.s.s.concurrent.ThreadPoolTaskExecutor  : Shutting down ExecutorService 'applicationTaskExecutor'
2024-10-21 23:58:24.448  INFO 5784 --- [Thread-5] j.LocalContainerEntityManagerFactoryBean : Closing JPA EntityManagerFactory for persistence unit 'default'
2024-10-21 23:58:24.451  INFO 5784 --- [Thread-5] com.zaxxer.hikari.HikariDataSource       : HikariPool-1 - Shutdown initiated...
2024-10-21 23:58:24.452  INFO 5784 --- [Thread-5] com.zaxxer.hikari.HikariDataSource       : HikariPool-1 - Shutdown completed.
2024-10-31 21:35:31.044  INFO 19108 --- [main] c.u.j.c.ecommerce.EcommerceApplication   : Starting EcommerceApplication on DESKTOP-PCOI0LP with PID 19108 (C:\Users\DELL\OneDrive\Documents\Security-Devops\nd035-c4-Security-and-DevOps\starter_code\target\classes started by DELL in C:\Users\DELL\OneDrive\Documents\Security-Devops\nd035-c4-Security-and-DevOps\starter_code)
2024-10-31 21:35:31.049  INFO 19108 --- [main] c.u.j.c.ecommerce.EcommerceApplication   : No active profile set, falling back to default profiles: default
2024-10-31 21:35:31.835  INFO 19108 --- [main] .s.d.r.c.RepositoryConfigurationDelegate : Bootstrapping Spring Data repositories in DEFAULT mode.
2024-10-31 21:35:31.964  INFO 19108 --- [main] .s.d.r.c.RepositoryConfigurationDelegate : Finished Spring Data repository scanning in 108ms. Found 4 repository interfaces.
2024-10-31 21:35:32.454  INFO 19108 --- [main] trationDelegate$BeanPostProcessorChecker : Bean 'org.springframework.transaction.annotation.ProxyTransactionManagementConfiguration' of type [org.springframework.transaction.annotation.ProxyTransactionManagementConfiguration$$EnhancerBySpringCGLIB$$3ca7fc68] is not eligible for getting processed by all BeanPostProcessors (for example: not eligible for auto-proxying)
2024-10-31 21:35:33.073  INFO 19108 --- [main] o.s.b.w.embedded.tomcat.TomcatWebServer  : Tomcat initialized with port(s): 8080 (http)
2024-10-31 21:35:33.111  INFO 19108 --- [main] o.apache.catalina.core.StandardService   : Starting service [Tomcat]
2024-10-31 21:35:33.112  INFO 19108 --- [main] org.apache.catalina.core.StandardEngine  : Starting Servlet engine: [Apache Tomcat/9.0.19]
2024-10-31 21:35:33.227  INFO 19108 --- [main] o.a.c.c.C.[Tomcat].[localhost].[/]       : Initializing Spring embedded WebApplicationContext
2024-10-31 21:35:33.227  INFO 19108 --- [main] o.s.web.context.ContextLoader            : Root WebApplicationContext: initialization completed in 2131 ms
2024-10-31 21:35:33.483  INFO 19108 --- [main] com.zaxxer.hikari.HikariDataSource       : HikariPool-1 - Starting...
2024-10-31 21:35:33.755  INFO 19108 --- [main] com.zaxxer.hikari.HikariDataSource       : HikariPool-1 - Start completed.
2024-10-31 21:35:33.857  INFO 19108 --- [main] o.hibernate.jpa.internal.util.LogHelper  : HHH000204: Processing PersistenceUnitInfo [
	name: default
	...]
2024-10-31 21:35:33.980  INFO 19108 --- [main] org.hibernate.Version                    : HHH000412: Hibernate Core {5.3.10.Final}
2024-10-31 21:35:33.984  INFO 19108 --- [main] org.hibernate.cfg.Environment            : HHH000206: hibernate.properties not found
2024-10-31 21:35:34.211  INFO 19108 --- [main] o.hibernate.annotations.common.Version   : HCANN000001: Hibernate Commons Annotations {5.0.4.Final}
2024-10-31 21:35:34.403  INFO 19108 --- [main] org.hibernate.dialect.Dialect            : HHH000400: Using dialect: org.hibernate.dialect.H2Dialect
2024-10-31 21:35:35.244  INFO 19108 --- [main] j.LocalContainerEntityManagerFactoryBean : Initialized JPA EntityManagerFactory for persistence unit 'default'
2024-10-31 21:35:36.033  WARN 19108 --- [main] aWebConfiguration$JpaWebMvcConfiguration : spring.jpa.open-in-view is enabled by default. Therefore, database queries may be performed during view rendering. Explicitly configure spring.jpa.open-in-view to disable this warning
2024-10-31 21:35:36.172  INFO 19108 --- [main] o.s.s.web.DefaultSecurityFilterChain     : Creating filter chain: any request, [org.springframework.security.web.context.request.async.WebAsyncManagerIntegrationFilter@339acbe2, org.springframework.security.web.context.SecurityContextPersistenceFilter@445fc32c, org.springframework.security.web.header.HeaderWriterFilter@11221256, org.springframework.web.filter.CorsFilter@240fd0c7, org.springframework.security.web.authentication.logout.LogoutFilter@203b93ae, com.udacity.jdnd.course4.ecommerce.security.JWTAuthenticationVerficationFilter@67c785c4, org.springframework.security.web.savedrequest.RequestCacheAwareFilter@278b6883, org.springframework.security.web.servletapi.SecurityContextHolderAwareRequestFilter@200118c9, org.springframework.security.web.authentication.AnonymousAuthenticationFilter@5434aaf9, org.springframework.security.web.session.SessionManagementFilter@1fed0cbe, org.springframework.security.web.access.ExceptionTranslationFilter@607f741b, org.springframework.security.web.access.intercept.FilterSecurityInterceptor@280e4f8c]
2024-10-31 21:35:36.384  INFO 19108 --- [main] o.s.s.concurrent.ThreadPoolTaskExecutor  : Initializing ExecutorService 'applicationTaskExecutor'
2024-10-31 21:35:36.781  INFO 19108 --- [main] o.s.b.w.embedded.tomcat.TomcatWebServer  : Tomcat started on port(s): 8080 (http) with context path ''
2024-10-31 21:35:36.785  INFO 19108 --- [main] c.u.j.c.ecommerce.EcommerceApplication   : Started EcommerceApplication in 6.251 seconds (JVM running for 10.765)
2024-10-31 21:36:17.620  INFO 19108 --- [http-nio-8080-exec-2] o.a.c.c.C.[Tomcat].[localhost].[/]       : Initializing Spring DispatcherServlet 'dispatcherServlet'
2024-10-31 21:36:17.621  INFO 19108 --- [http-nio-8080-exec-2] o.s.web.servlet.DispatcherServlet        : Initializing Servlet 'dispatcherServlet'
2024-10-31 21:36:17.629  INFO 19108 --- [http-nio-8080-exec-2] o.s.web.servlet.DispatcherServlet        : Completed initialization in 8 ms
2024-10-31 21:36:17.770  INFO 19108 --- [http-nio-8080-exec-2] c.u.j.c.ecommerce.service.UserService    : Username = thaint13
2024-10-31 21:36:17.931  INFO 19108 --- [http-nio-8080-exec-2] c.u.j.c.ecommerce.service.UserService    : Create User success
2024-10-31 21:37:10.092  INFO 19108 --- [Thread-4] o.s.s.concurrent.ThreadPoolTaskExecutor  : Shutting down ExecutorService 'applicationTaskExecutor'
2024-10-31 21:37:10.094  INFO 19108 --- [Thread-4] j.LocalContainerEntityManagerFactoryBean : Closing JPA EntityManagerFactory for persistence unit 'default'
2024-10-31 21:37:10.095  INFO 19108 --- [Thread-4] com.zaxxer.hikari.HikariDataSource       : HikariPool-1 - Shutdown initiated...
2024-10-31 21:37:10.098  INFO 19108 --- [Thread-4] com.zaxxer.hikari.HikariDataSource       : HikariPool-1 - Shutdown completed.
2024-10-31 21:45:02.423  INFO 1616 --- [main] c.u.j.c.ecommerce.EcommerceApplication   : Starting EcommerceApplication on DESKTOP-PCOI0LP with PID 1616 (C:\Users\DELL\OneDrive\Documents\Security-Devops\nd035-c4-Security-and-DevOps\starter_code\target\classes started by DELL in C:\Users\DELL\OneDrive\Documents\Security-Devops\nd035-c4-Security-and-DevOps\starter_code)
2024-10-31 21:45:02.430  INFO 1616 --- [main] c.u.j.c.ecommerce.EcommerceApplication   : No active profile set, falling back to default profiles: default
2024-10-31 21:45:03.398  INFO 1616 --- [main] .s.d.r.c.RepositoryConfigurationDelegate : Bootstrapping Spring Data repositories in DEFAULT mode.
2024-10-31 21:45:03.528  INFO 1616 --- [main] .s.d.r.c.RepositoryConfigurationDelegate : Finished Spring Data repository scanning in 117ms. Found 4 repository interfaces.
2024-10-31 21:45:04.019  INFO 1616 --- [main] trationDelegate$BeanPostProcessorChecker : Bean 'org.springframework.transaction.annotation.ProxyTransactionManagementConfiguration' of type [org.springframework.transaction.annotation.ProxyTransactionManagementConfiguration$$EnhancerBySpringCGLIB$$28d9bb8c] is not eligible for getting processed by all BeanPostProcessors (for example: not eligible for auto-proxying)
2024-10-31 21:45:04.525  INFO 1616 --- [main] o.s.b.w.embedded.tomcat.TomcatWebServer  : Tomcat initialized with port(s): 8080 (http)
2024-10-31 21:45:04.556  INFO 1616 --- [main] o.apache.catalina.core.StandardService   : Starting service [Tomcat]
2024-10-31 21:45:04.558  INFO 1616 --- [main] org.apache.catalina.core.StandardEngine  : Starting Servlet engine: [Apache Tomcat/9.0.19]
2024-10-31 21:45:04.666  INFO 1616 --- [main] o.a.c.c.C.[Tomcat].[localhost].[/]       : Initializing Spring embedded WebApplicationContext
2024-10-31 21:45:04.666  INFO 1616 --- [main] o.s.web.context.ContextLoader            : Root WebApplicationContext: initialization completed in 2158 ms
2024-10-31 21:45:04.904  INFO 1616 --- [main] com.zaxxer.hikari.HikariDataSource       : HikariPool-1 - Starting...
2024-10-31 21:45:05.234  INFO 1616 --- [main] com.zaxxer.hikari.HikariDataSource       : HikariPool-1 - Start completed.
2024-10-31 21:45:05.315  INFO 1616 --- [main] o.hibernate.jpa.internal.util.LogHelper  : HHH000204: Processing PersistenceUnitInfo [
	name: default
	...]
2024-10-31 21:45:05.437  INFO 1616 --- [main] org.hibernate.Version                    : HHH000412: Hibernate Core {5.3.10.Final}
2024-10-31 21:45:05.441  INFO 1616 --- [main] org.hibernate.cfg.Environment            : HHH000206: hibernate.properties not found
2024-10-31 21:45:05.601  INFO 1616 --- [main] o.hibernate.annotations.common.Version   : HCANN000001: Hibernate Commons Annotations {5.0.4.Final}
2024-10-31 21:45:05.804  INFO 1616 --- [main] org.hibernate.dialect.Dialect            : HHH000400: Using dialect: org.hibernate.dialect.H2Dialect
2024-10-31 21:45:06.726  INFO 1616 --- [main] j.LocalContainerEntityManagerFactoryBean : Initialized JPA EntityManagerFactory for persistence unit 'default'
2024-10-31 21:45:07.619  WARN 1616 --- [main] aWebConfiguration$JpaWebMvcConfiguration : spring.jpa.open-in-view is enabled by default. Therefore, database queries may be performed during view rendering. Explicitly configure spring.jpa.open-in-view to disable this warning
2024-10-31 21:45:07.752  INFO 1616 --- [main] o.s.s.web.DefaultSecurityFilterChain     : Creating filter chain: any request, [org.springframework.security.web.context.request.async.WebAsyncManagerIntegrationFilter@2cda3241, org.springframework.security.web.context.SecurityContextPersistenceFilter@290ee9e5, org.springframework.security.web.header.HeaderWriterFilter@78535399, org.springframework.web.filter.CorsFilter@4061adfe, org.springframework.security.web.authentication.logout.LogoutFilter@60fef442, com.udacity.jdnd.course4.ecommerce.security.JWTAuthenticationVerficationFilter@4494d1cb, org.springframework.security.web.savedrequest.RequestCacheAwareFilter@49198dca, org.springframework.security.web.servletapi.SecurityContextHolderAwareRequestFilter@52327b6, org.springframework.security.web.authentication.AnonymousAuthenticationFilter@40975c1e, org.springframework.security.web.session.SessionManagementFilter@65acbb76, org.springframework.security.web.access.ExceptionTranslationFilter@4899605, org.springframework.security.web.access.intercept.FilterSecurityInterceptor@440616ed]
2024-10-31 21:45:07.978  INFO 1616 --- [main] o.s.s.concurrent.ThreadPoolTaskExecutor  : Initializing ExecutorService 'applicationTaskExecutor'
2024-10-31 21:45:08.325  INFO 1616 --- [main] o.s.b.w.embedded.tomcat.TomcatWebServer  : Tomcat started on port(s): 8080 (http) with context path ''
2024-10-31 21:45:08.331  INFO 1616 --- [main] c.u.j.c.ecommerce.EcommerceApplication   : Started EcommerceApplication in 6.526 seconds (JVM running for 10.783)
2024-10-31 21:45:13.746  INFO 1616 --- [http-nio-8080-exec-1] o.a.c.c.C.[Tomcat].[localhost].[/]       : Initializing Spring DispatcherServlet 'dispatcherServlet'
2024-10-31 21:45:13.747  INFO 1616 --- [http-nio-8080-exec-1] o.s.web.servlet.DispatcherServlet        : Initializing Servlet 'dispatcherServlet'
2024-10-31 21:45:13.756  INFO 1616 --- [http-nio-8080-exec-1] o.s.web.servlet.DispatcherServlet        : Completed initialization in 9 ms
2024-10-31 21:45:17.818  INFO 1616 --- [http-nio-8080-exec-3] c.u.j.c.ecommerce.service.UserService    : Username = thaint13
2024-10-31 21:45:17.969  INFO 1616 --- [http-nio-8080-exec-3] c.u.j.c.ecommerce.service.UserService    : Create User success
2024-10-31 21:47:51.985  INFO 1616 --- [Thread-4] o.s.s.concurrent.ThreadPoolTaskExecutor  : Shutting down ExecutorService 'applicationTaskExecutor'
2024-10-31 21:47:51.987  INFO 1616 --- [Thread-4] j.LocalContainerEntityManagerFactoryBean : Closing JPA EntityManagerFactory for persistence unit 'default'
2024-10-31 21:47:51.989  INFO 1616 --- [Thread-4] com.zaxxer.hikari.HikariDataSource       : HikariPool-1 - Shutdown initiated...
2024-10-31 21:47:51.992  INFO 1616 --- [Thread-4] com.zaxxer.hikari.HikariDataSource       : HikariPool-1 - Shutdown completed.
2024-10-31 21:47:58.700  INFO 19596 --- [main] c.u.j.c.ecommerce.EcommerceApplication   : Starting EcommerceApplication on DESKTOP-PCOI0LP with PID 19596 (C:\Users\DELL\OneDrive\Documents\Security-Devops\nd035-c4-Security-and-DevOps\starter_code\target\classes started by DELL in C:\Users\DELL\OneDrive\Documents\Security-Devops\nd035-c4-Security-and-DevOps\starter_code)
2024-10-31 21:47:58.705  INFO 19596 --- [main] c.u.j.c.ecommerce.EcommerceApplication   : No active profile set, falling back to default profiles: default
2024-10-31 21:47:59.604  INFO 19596 --- [main] .s.d.r.c.RepositoryConfigurationDelegate : Bootstrapping Spring Data repositories in DEFAULT mode.
2024-10-31 21:47:59.743  INFO 19596 --- [main] .s.d.r.c.RepositoryConfigurationDelegate : Finished Spring Data repository scanning in 128ms. Found 4 repository interfaces.
2024-10-31 21:48:00.234  INFO 19596 --- [main] trationDelegate$BeanPostProcessorChecker : Bean 'org.springframework.transaction.annotation.ProxyTransactionManagementConfiguration' of type [org.springframework.transaction.annotation.ProxyTransactionManagementConfiguration$$EnhancerBySpringCGLIB$$6d715a00] is not eligible for getting processed by all BeanPostProcessors (for example: not eligible for auto-proxying)
2024-10-31 21:48:00.759  INFO 19596 --- [main] o.s.b.w.embedded.tomcat.TomcatWebServer  : Tomcat initialized with port(s): 8080 (http)
2024-10-31 21:48:00.794  INFO 19596 --- [main] o.apache.catalina.core.StandardService   : Starting service [Tomcat]
2024-10-31 21:48:00.795  INFO 19596 --- [main] org.apache.catalina.core.StandardEngine  : Starting Servlet engine: [Apache Tomcat/9.0.19]
2024-10-31 21:48:00.911  INFO 19596 --- [main] o.a.c.c.C.[Tomcat].[localhost].[/]       : Initializing Spring embedded WebApplicationContext
2024-10-31 21:48:00.912  INFO 19596 --- [main] o.s.web.context.ContextLoader            : Root WebApplicationContext: initialization completed in 2143 ms
2024-10-31 21:48:01.130  INFO 19596 --- [main] com.zaxxer.hikari.HikariDataSource       : HikariPool-1 - Starting...
2024-10-31 21:48:01.415  INFO 19596 --- [main] com.zaxxer.hikari.HikariDataSource       : HikariPool-1 - Start completed.
2024-10-31 21:48:01.496  INFO 19596 --- [main] o.hibernate.jpa.internal.util.LogHelper  : HHH000204: Processing PersistenceUnitInfo [
	name: default
	...]
2024-10-31 21:48:01.597  INFO 19596 --- [main] org.hibernate.Version                    : HHH000412: Hibernate Core {5.3.10.Final}
2024-10-31 21:48:01.600  INFO 19596 --- [main] org.hibernate.cfg.Environment            : HHH000206: hibernate.properties not found
2024-10-31 21:48:01.769  INFO 19596 --- [main] o.hibernate.annotations.common.Version   : HCANN000001: Hibernate Commons Annotations {5.0.4.Final}
2024-10-31 21:48:01.982  INFO 19596 --- [main] org.hibernate.dialect.Dialect            : HHH000400: Using dialect: org.hibernate.dialect.H2Dialect
2024-10-31 21:48:02.779  INFO 19596 --- [main] j.LocalContainerEntityManagerFactoryBean : Initialized JPA EntityManagerFactory for persistence unit 'default'
2024-10-31 21:48:03.623  WARN 19596 --- [main] aWebConfiguration$JpaWebMvcConfiguration : spring.jpa.open-in-view is enabled by default. Therefore, database queries may be performed during view rendering. Explicitly configure spring.jpa.open-in-view to disable this warning
2024-10-31 21:48:03.745  INFO 19596 --- [main] o.s.s.web.DefaultSecurityFilterChain     : Creating filter chain: any request, [org.springframework.security.web.context.request.async.WebAsyncManagerIntegrationFilter@3b5472d8, org.springframework.security.web.context.SecurityContextPersistenceFilter@40a1d81b, org.springframework.security.web.header.HeaderWriterFilter@608b1682, org.springframework.web.filter.CorsFilter@1d7b37b1, org.springframework.security.web.authentication.logout.LogoutFilter@371824d3, com.udacity.jdnd.course4.ecommerce.security.JWTAuthenticationVerficationFilter@15995623, org.springframework.security.web.savedrequest.RequestCacheAwareFilter@5df5a65a, org.springframework.security.web.servletapi.SecurityContextHolderAwareRequestFilter@14f2f35a, org.springframework.security.web.authentication.AnonymousAuthenticationFilter@6f784ef0, org.springframework.security.web.session.SessionManagementFilter@f736cc4, org.springframework.security.web.access.ExceptionTranslationFilter@37e9f34c, org.springframework.security.web.access.intercept.FilterSecurityInterceptor@572acc6c]
2024-10-31 21:48:03.975  INFO 19596 --- [main] o.s.s.concurrent.ThreadPoolTaskExecutor  : Initializing ExecutorService 'applicationTaskExecutor'
2024-10-31 21:48:04.394  INFO 19596 --- [main] o.s.b.w.embedded.tomcat.TomcatWebServer  : Tomcat started on port(s): 8080 (http) with context path ''
2024-10-31 21:48:04.400  INFO 19596 --- [main] c.u.j.c.ecommerce.EcommerceApplication   : Started EcommerceApplication in 6.231 seconds (JVM running for 10.301)
2024-10-31 21:48:08.781  INFO 19596 --- [http-nio-8080-exec-1] o.a.c.c.C.[Tomcat].[localhost].[/]       : Initializing Spring DispatcherServlet 'dispatcherServlet'
2024-10-31 21:48:08.782  INFO 19596 --- [http-nio-8080-exec-1] o.s.web.servlet.DispatcherServlet        : Initializing Servlet 'dispatcherServlet'
2024-10-31 21:48:08.792  INFO 19596 --- [http-nio-8080-exec-1] o.s.web.servlet.DispatcherServlet        : Completed initialization in 9 ms
2024-10-31 21:48:08.915  INFO 19596 --- [http-nio-8080-exec-1] c.u.j.c.ecommerce.service.UserService    : Username = thaint13
2024-10-31 21:48:09.050  INFO 19596 --- [http-nio-8080-exec-1] c.u.j.c.ecommerce.service.UserService    : Create User success
2024-10-31 21:52:51.761  INFO 19596 --- [Thread-4] o.s.s.concurrent.ThreadPoolTaskExecutor  : Shutting down ExecutorService 'applicationTaskExecutor'
2024-10-31 21:52:51.764  INFO 19596 --- [Thread-4] j.LocalContainerEntityManagerFactoryBean : Closing JPA EntityManagerFactory for persistence unit 'default'
2024-10-31 21:52:51.766  INFO 19596 --- [Thread-4] com.zaxxer.hikari.HikariDataSource       : HikariPool-1 - Shutdown initiated...
2024-10-31 21:52:51.770  INFO 19596 --- [Thread-4] com.zaxxer.hikari.HikariDataSource       : HikariPool-1 - Shutdown completed.
2024-10-31 21:53:02.149  INFO 28712 --- [main] c.u.j.c.ecommerce.EcommerceApplication   : Starting EcommerceApplication on DESKTOP-PCOI0LP with PID 28712 (C:\Users\DELL\OneDrive\Documents\Security-Devops\nd035-c4-Security-and-DevOps\starter_code\target\classes started by DELL in C:\Users\DELL\OneDrive\Documents\Security-Devops\nd035-c4-Security-and-DevOps\starter_code)
2024-10-31 21:53:02.155  INFO 28712 --- [main] c.u.j.c.ecommerce.EcommerceApplication   : No active profile set, falling back to default profiles: default
2024-10-31 21:53:03.045  INFO 28712 --- [main] .s.d.r.c.RepositoryConfigurationDelegate : Bootstrapping Spring Data repositories in DEFAULT mode.
2024-10-31 21:53:03.153  INFO 28712 --- [main] .s.d.r.c.RepositoryConfigurationDelegate : Finished Spring Data repository scanning in 96ms. Found 4 repository interfaces.
2024-10-31 21:53:03.699  INFO 28712 --- [main] trationDelegate$BeanPostProcessorChecker : Bean 'org.springframework.transaction.annotation.ProxyTransactionManagementConfiguration' of type [org.springframework.transaction.annotation.ProxyTransactionManagementConfiguration$$EnhancerBySpringCGLIB$$530c6569] is not eligible for getting processed by all BeanPostProcessors (for example: not eligible for auto-proxying)
2024-10-31 21:53:04.249  INFO 28712 --- [main] o.s.b.w.embedded.tomcat.TomcatWebServer  : Tomcat initialized with port(s): 8080 (http)
2024-10-31 21:53:04.290  INFO 28712 --- [main] o.apache.catalina.core.StandardService   : Starting service [Tomcat]
2024-10-31 21:53:04.291  INFO 28712 --- [main] org.apache.catalina.core.StandardEngine  : Starting Servlet engine: [Apache Tomcat/9.0.19]
2024-10-31 21:53:04.411  INFO 28712 --- [main] o.a.c.c.C.[Tomcat].[localhost].[/]       : Initializing Spring embedded WebApplicationContext
2024-10-31 21:53:04.412  INFO 28712 --- [main] o.s.web.context.ContextLoader            : Root WebApplicationContext: initialization completed in 2197 ms
2024-10-31 21:53:04.650  INFO 28712 --- [main] com.zaxxer.hikari.HikariDataSource       : HikariPool-1 - Starting...
2024-10-31 21:53:04.926  INFO 28712 --- [main] com.zaxxer.hikari.HikariDataSource       : HikariPool-1 - Start completed.
2024-10-31 21:53:05.019  INFO 28712 --- [main] o.hibernate.jpa.internal.util.LogHelper  : HHH000204: Processing PersistenceUnitInfo [
	name: default
	...]
2024-10-31 21:53:05.123  INFO 28712 --- [main] org.hibernate.Version                    : HHH000412: Hibernate Core {5.3.10.Final}
2024-10-31 21:53:05.125  INFO 28712 --- [main] org.hibernate.cfg.Environment            : HHH000206: hibernate.properties not found
2024-10-31 21:53:05.298  INFO 28712 --- [main] o.hibernate.annotations.common.Version   : HCANN000001: Hibernate Commons Annotations {5.0.4.Final}
2024-10-31 21:53:05.454  INFO 28712 --- [main] org.hibernate.dialect.Dialect            : HHH000400: Using dialect: org.hibernate.dialect.H2Dialect
2024-10-31 21:53:06.252  INFO 28712 --- [main] j.LocalContainerEntityManagerFactoryBean : Initialized JPA EntityManagerFactory for persistence unit 'default'
2024-10-31 21:53:07.093  WARN 28712 --- [main] aWebConfiguration$JpaWebMvcConfiguration : spring.jpa.open-in-view is enabled by default. Therefore, database queries may be performed during view rendering. Explicitly configure spring.jpa.open-in-view to disable this warning
2024-10-31 21:53:07.241  INFO 28712 --- [main] o.s.s.web.DefaultSecurityFilterChain     : Creating filter chain: any request, [org.springframework.security.web.context.request.async.WebAsyncManagerIntegrationFilter@187fbd7d, org.springframework.security.web.context.SecurityContextPersistenceFilter@19e02efa, org.springframework.security.web.header.HeaderWriterFilter@34a32ca0, org.springframework.web.filter.CorsFilter@bc41277, org.springframework.security.web.authentication.logout.LogoutFilter@2580c53e, com.udacity.jdnd.course4.ecommerce.security.JWTAuthenticationVerficationFilter@31f8ca87, org.springframework.security.web.savedrequest.RequestCacheAwareFilter@702b1aeb, org.springframework.security.web.servletapi.SecurityContextHolderAwareRequestFilter@32d79def, org.springframework.security.web.authentication.AnonymousAuthenticationFilter@52f76edb, org.springframework.security.web.session.SessionManagementFilter@c7c6d59, org.springframework.security.web.access.ExceptionTranslationFilter@6b3c8c7a, org.springframework.security.web.access.intercept.FilterSecurityInterceptor@5a7f95da]
2024-10-31 21:53:07.415  INFO 28712 --- [main] o.s.s.concurrent.ThreadPoolTaskExecutor  : Initializing ExecutorService 'applicationTaskExecutor'
2024-10-31 21:53:07.714  INFO 28712 --- [main] o.s.b.w.embedded.tomcat.TomcatWebServer  : Tomcat started on port(s): 8080 (http) with context path ''
2024-10-31 21:53:07.718  INFO 28712 --- [main] c.u.j.c.ecommerce.EcommerceApplication   : Started EcommerceApplication in 6.069 seconds (JVM running for 10.363)
2024-10-31 21:53:14.334  INFO 28712 --- [http-nio-8080-exec-1] o.a.c.c.C.[Tomcat].[localhost].[/]       : Initializing Spring DispatcherServlet 'dispatcherServlet'
2024-10-31 21:53:14.336  INFO 28712 --- [http-nio-8080-exec-1] o.s.web.servlet.DispatcherServlet        : Initializing Servlet 'dispatcherServlet'
2024-10-31 21:53:14.347  INFO 28712 --- [http-nio-8080-exec-1] o.s.web.servlet.DispatcherServlet        : Completed initialization in 10 ms
2024-10-31 21:53:41.159  INFO 28712 --- [http-nio-8080-exec-5] c.u.j.c.ecommerce.service.UserService    : Username = thaint13
2024-10-31 21:53:41.325  INFO 28712 --- [http-nio-8080-exec-5] c.u.j.c.ecommerce.service.UserService    : Create User success
2024-10-31 21:53:42.521  INFO 28712 --- [http-nio-8080-exec-6] c.u.j.c.ecommerce.service.UserService    : Username = thaint13
2024-10-31 21:53:42.599  WARN 28712 --- [http-nio-8080-exec-6] o.h.engine.jdbc.spi.SqlExceptionHelper   : SQL Error: 23505, SQLState: 23505
2024-10-31 21:53:42.600 ERROR 28712 --- [http-nio-8080-exec-6] o.h.engine.jdbc.spi.SqlExceptionHelper   : Unique index or primary key violation: "PUBLIC.UK_SB8BBOUER5WAK8VYIIY4PF2BX_INDEX_2 ON PUBLIC.USER(USERNAME) VALUES 1"; SQL statement:
insert into user (id, cart_id, password, username) values (null, ?, ?, ?) [23505-199]
2024-10-31 21:53:42.611 ERROR 28712 --- [http-nio-8080-exec-6] o.a.c.c.C.[.[.[/].[dispatcherServlet]    : Servlet.service() for servlet [dispatcherServlet] in context with path [] threw exception [Request processing failed; nested exception is org.springframework.dao.DataIntegrityViolationException: could not execute statement; SQL [n/a]; constraint ["PUBLIC.UK_SB8BBOUER5WAK8VYIIY4PF2BX_INDEX_2 ON PUBLIC.USER(USERNAME) VALUES 1"; SQL statement:
insert into user (id, cart_id, password, username) values (null, ?, ?, ?) [23505-199]]; nested exception is org.hibernate.exception.ConstraintViolationException: could not execute statement] with root cause

org.h2.jdbc.JdbcSQLIntegrityConstraintViolationException: Unique index or primary key violation: "PUBLIC.UK_SB8BBOUER5WAK8VYIIY4PF2BX_INDEX_2 ON PUBLIC.USER(USERNAME) VALUES 1"; SQL statement:
insert into user (id, cart_id, password, username) values (null, ?, ?, ?) [23505-199]
	at org.h2.message.DbException.getJdbcSQLException(DbException.java:457) ~[h2-1.4.199.jar:1.4.199]
	at org.h2.message.DbException.getJdbcSQLException(DbException.java:427) ~[h2-1.4.199.jar:1.4.199]
	at org.h2.message.DbException.get(DbException.java:205) ~[h2-1.4.199.jar:1.4.199]
	at org.h2.message.DbException.get(DbException.java:181) ~[h2-1.4.199.jar:1.4.199]
	at org.h2.index.BaseIndex.getDuplicateKeyException(BaseIndex.java:103) ~[h2-1.4.199.jar:1.4.199]
	at org.h2.mvstore.db.MVSecondaryIndex.checkUnique(MVSecondaryIndex.java:220) ~[h2-1.4.199.jar:1.4.199]
	at org.h2.mvstore.db.MVSecondaryIndex.add(MVSecondaryIndex.java:196) ~[h2-1.4.199.jar:1.4.199]
	at org.h2.mvstore.db.MVTable.addRow(MVTable.java:546) ~[h2-1.4.199.jar:1.4.199]
	at org.h2.command.dml.Insert.insertRows(Insert.java:180) ~[h2-1.4.199.jar:1.4.199]
	at org.h2.command.dml.Insert.update(Insert.java:132) ~[h2-1.4.199.jar:1.4.199]
	at org.h2.command.CommandContainer.update(CommandContainer.java:133) ~[h2-1.4.199.jar:1.4.199]
	at org.h2.command.Command.executeUpdate(Command.java:267) ~[h2-1.4.199.jar:1.4.199]
	at org.h2.jdbc.JdbcPreparedStatement.executeUpdateInternal(JdbcPreparedStatement.java:200) ~[h2-1.4.199.jar:1.4.199]
	at org.h2.jdbc.JdbcPreparedStatement.executeUpdate(JdbcPreparedStatement.java:154) ~[h2-1.4.199.jar:1.4.199]
	at com.zaxxer.hikari.pool.ProxyPreparedStatement.executeUpdate(ProxyPreparedStatement.java:61) ~[HikariCP-3.2.0.jar:na]
	at com.zaxxer.hikari.pool.HikariProxyPreparedStatement.executeUpdate(HikariProxyPreparedStatement.java) ~[HikariCP-3.2.0.jar:na]
	at org.hibernate.engine.jdbc.internal.ResultSetReturnImpl.executeUpdate(ResultSetReturnImpl.java:175) ~[hibernate-core-5.3.10.Final.jar:5.3.10.Final]
	at org.hibernate.dialect.identity.GetGeneratedKeysDelegate.executeAndExtract(GetGeneratedKeysDelegate.java:57) ~[hibernate-core-5.3.10.Final.jar:5.3.10.Final]
	at org.hibernate.id.insert.AbstractReturningDelegate.performInsert(AbstractReturningDelegate.java:42) ~[hibernate-core-5.3.10.Final.jar:5.3.10.Final]
	at org.hibernate.persister.entity.AbstractEntityPersister.insert(AbstractEntityPersister.java:3077) ~[hibernate-core-5.3.10.Final.jar:5.3.10.Final]
	at org.hibernate.persister.entity.AbstractEntityPersister.insert(AbstractEntityPersister.java:3667) ~[hibernate-core-5.3.10.Final.jar:5.3.10.Final]
	at org.hibernate.action.internal.EntityIdentityInsertAction.execute(EntityIdentityInsertAction.java:81) ~[hibernate-core-5.3.10.Final.jar:5.3.10.Final]
	at org.hibernate.engine.spi.ActionQueue.execute(ActionQueue.java:645) ~[hibernate-core-5.3.10.Final.jar:5.3.10.Final]
	at org.hibernate.engine.spi.ActionQueue.addResolvedEntityInsertAction(ActionQueue.java:282) ~[hibernate-core-5.3.10.Final.jar:5.3.10.Final]
	at org.hibernate.engine.spi.ActionQueue.addInsertAction(ActionQueue.java:263) ~[hibernate-core-5.3.10.Final.jar:5.3.10.Final]
	at org.hibernate.engine.spi.ActionQueue.addAction(ActionQueue.java:317) ~[hibernate-core-5.3.10.Final.jar:5.3.10.Final]
	at org.hibernate.event.internal.AbstractSaveEventListener.addInsertAction(AbstractSaveEventListener.java:332) ~[hibernate-core-5.3.10.Final.jar:5.3.10.Final]
	at org.hibernate.event.internal.AbstractSaveEventListener.performSaveOrReplicate(AbstractSaveEventListener.java:289) ~[hibernate-core-5.3.10.Final.jar:5.3.10.Final]
	at org.hibernate.event.internal.AbstractSaveEventListener.performSave(AbstractSaveEventListener.java:196) ~[hibernate-core-5.3.10.Final.jar:5.3.10.Final]
	at org.hibernate.event.internal.AbstractSaveEventListener.saveWithGeneratedId(AbstractSaveEventListener.java:127) ~[hibernate-core-5.3.10.Final.jar:5.3.10.Final]
	at org.hibernate.event.internal.DefaultPersistEventListener.entityIsTransient(DefaultPersistEventListener.java:192) ~[hibernate-core-5.3.10.Final.jar:5.3.10.Final]
	at org.hibernate.event.internal.DefaultPersistEventListener.onPersist(DefaultPersistEventListener.java:135) ~[hibernate-core-5.3.10.Final.jar:5.3.10.Final]
	at org.hibernate.event.internal.DefaultPersistEventListener.onPersist(DefaultPersistEventListener.java:62) ~[hibernate-core-5.3.10.Final.jar:5.3.10.Final]
	at org.hibernate.internal.SessionImpl.firePersist(SessionImpl.java:800) ~[hibernate-core-5.3.10.Final.jar:5.3.10.Final]
	at org.hibernate.internal.SessionImpl.persist(SessionImpl.java:785) ~[hibernate-core-5.3.10.Final.jar:5.3.10.Final]
	at java.base/jdk.internal.reflect.NativeMethodAccessorImpl.invoke0(Native Method) ~[na:na]
	at java.base/jdk.internal.reflect.NativeMethodAccessorImpl.invoke(NativeMethodAccessorImpl.java:62) ~[na:na]
	at java.base/jdk.internal.reflect.DelegatingMethodAccessorImpl.invoke(DelegatingMethodAccessorImpl.java:43) ~[na:na]
	at java.base/java.lang.reflect.Method.invoke(Method.java:566) ~[na:na]
	at org.springframework.orm.jpa.ExtendedEntityManagerCreator$ExtendedEntityManagerInvocationHandler.invoke(ExtendedEntityManagerCreator.java:350) ~[spring-orm-5.1.7.RELEASE.jar:5.1.7.RELEASE]
	at com.sun.proxy.$Proxy114.persist(Unknown Source) ~[na:na]
	at java.base/jdk.internal.reflect.NativeMethodAccessorImpl.invoke0(Native Method) ~[na:na]
	at java.base/jdk.internal.reflect.NativeMethodAccessorImpl.invoke(NativeMethodAccessorImpl.java:62) ~[na:na]
	at java.base/jdk.internal.reflect.DelegatingMethodAccessorImpl.invoke(DelegatingMethodAccessorImpl.java:43) ~[na:na]
	at java.base/java.lang.reflect.Method.invoke(Method.java:566) ~[na:na]
	at org.springframework.orm.jpa.SharedEntityManagerCreator$SharedEntityManagerInvocationHandler.invoke(SharedEntityManagerCreator.java:308) ~[spring-orm-5.1.7.RELEASE.jar:5.1.7.RELEASE]
	at com.sun.proxy.$Proxy114.persist(Unknown Source) ~[na:na]
	at org.springframework.data.jpa.repository.support.SimpleJpaRepository.save(SimpleJpaRepository.java:496) ~[spring-data-jpa-2.1.8.RELEASE.jar:2.1.8.RELEASE]
	at java.base/jdk.internal.reflect.NativeMethodAccessorImpl.invoke0(Native Method) ~[na:na]
	at java.base/jdk.internal.reflect.NativeMethodAccessorImpl.invoke(NativeMethodAccessorImpl.java:62) ~[na:na]
	at java.base/jdk.internal.reflect.DelegatingMethodAccessorImpl.invoke(DelegatingMethodAccessorImpl.java:43) ~[na:na]
	at java.base/java.lang.reflect.Method.invoke(Method.java:566) ~[na:na]
	at org.springframework.data.repository.core.support.RepositoryComposition$RepositoryFragments.invoke(RepositoryComposition.java:359) ~[spring-data-commons-2.1.8.RELEASE.jar:2.1.8.RELEASE]
	at org.springframework.data.repository.core.support.RepositoryComposition.invoke(RepositoryComposition.java:200) ~[spring-data-commons-2.1.8.RELEASE.jar:2.1.8.RELEASE]
	at org.springframework.data.repository.core.support.RepositoryFactorySupport$ImplementationMethodExecutionInterceptor.invoke(RepositoryFactorySupport.java:644) ~[spring-data-commons-2.1.8.RELEASE.jar:2.1.8.RELEASE]
	at org.springframework.aop.framework.ReflectiveMethodInvocation.proceed(ReflectiveMethodInvocation.java:186) ~[spring-aop-5.1.7.RELEASE.jar:5.1.7.RELEASE]
	at org.springframework.data.repository.core.support.RepositoryFactorySupport$QueryExecutorMethodInterceptor.doInvoke(RepositoryFactorySupport.java:608) ~[spring-data-commons-2.1.8.RELEASE.jar:2.1.8.RELEASE]
	at org.springframework.data.repository.core.support.RepositoryFactorySupport$QueryExecutorMethodInterceptor.lambda$invoke$3(RepositoryFactorySupport.java:595) ~[spring-data-commons-2.1.8.RELEASE.jar:2.1.8.RELEASE]
	at org.springframework.data.repository.core.support.RepositoryFactorySupport$QueryExecutorMethodInterceptor.invoke(RepositoryFactorySupport.java:595) ~[spring-data-commons-2.1.8.RELEASE.jar:2.1.8.RELEASE]
	at org.springframework.aop.framework.ReflectiveMethodInvocation.proceed(ReflectiveMethodInvocation.java:186) ~[spring-aop-5.1.7.RELEASE.jar:5.1.7.RELEASE]
	at org.springframework.data.projection.DefaultMethodInvokingMethodInterceptor.invoke(DefaultMethodInvokingMethodInterceptor.java:59) ~[spring-data-commons-2.1.8.RELEASE.jar:2.1.8.RELEASE]
	at org.springframework.aop.framework.ReflectiveMethodInvocation.proceed(ReflectiveMethodInvocation.java:186) ~[spring-aop-5.1.7.RELEASE.jar:5.1.7.RELEASE]
	at org.springframework.transaction.interceptor.TransactionAspectSupport.invokeWithinTransaction(TransactionAspectSupport.java:295) ~[spring-tx-5.1.7.RELEASE.jar:5.1.7.RELEASE]
	at org.springframework.transaction.interceptor.TransactionInterceptor.invoke(TransactionInterceptor.java:98) ~[spring-tx-5.1.7.RELEASE.jar:5.1.7.RELEASE]
	at org.springframework.aop.framework.ReflectiveMethodInvocation.proceed(ReflectiveMethodInvocation.java:186) ~[spring-aop-5.1.7.RELEASE.jar:5.1.7.RELEASE]
	at org.springframework.dao.support.PersistenceExceptionTranslationInterceptor.invoke(PersistenceExceptionTranslationInterceptor.java:139) ~[spring-tx-5.1.7.RELEASE.jar:5.1.7.RELEASE]
	at org.springframework.aop.framework.ReflectiveMethodInvocation.proceed(ReflectiveMethodInvocation.java:186) ~[spring-aop-5.1.7.RELEASE.jar:5.1.7.RELEASE]
	at org.springframework.data.jpa.repository.support.CrudMethodMetadataPostProcessor$CrudMethodMetadataPopulatingMethodInterceptor.invoke(CrudMethodMetadataPostProcessor.java:138) ~[spring-data-jpa-2.1.8.RELEASE.jar:2.1.8.RELEASE]
	at org.springframework.aop.framework.ReflectiveMethodInvocation.proceed(ReflectiveMethodInvocation.java:186) ~[spring-aop-5.1.7.RELEASE.jar:5.1.7.RELEASE]
	at org.springframework.aop.interceptor.ExposeInvocationInterceptor.invoke(ExposeInvocationInterceptor.java:93) ~[spring-aop-5.1.7.RELEASE.jar:5.1.7.RELEASE]
	at org.springframework.aop.framework.ReflectiveMethodInvocation.proceed(ReflectiveMethodInvocation.java:186) ~[spring-aop-5.1.7.RELEASE.jar:5.1.7.RELEASE]
	at org.springframework.data.repository.core.support.SurroundingTransactionDetectorMethodInterceptor.invoke(SurroundingTransactionDetectorMethodInterceptor.java:61) ~[spring-data-commons-2.1.8.RELEASE.jar:2.1.8.RELEASE]
	at org.springframework.aop.framework.ReflectiveMethodInvocation.proceed(ReflectiveMethodInvocation.java:186) ~[spring-aop-5.1.7.RELEASE.jar:5.1.7.RELEASE]
	at org.springframework.aop.framework.JdkDynamicAopProxy.invoke(JdkDynamicAopProxy.java:212) ~[spring-aop-5.1.7.RELEASE.jar:5.1.7.RELEASE]
	at com.sun.proxy.$Proxy116.save(Unknown Source) ~[na:na]
	at com.udacity.jdnd.course4.ecommerce.service.UserService.createUser(UserService.java:70) ~[classes/:na]
	at com.udacity.jdnd.course4.ecommerce.controller.UserController.createUser(UserController.java:38) ~[classes/:na]
	at java.base/jdk.internal.reflect.NativeMethodAccessorImpl.invoke0(Native Method) ~[na:na]
	at java.base/jdk.internal.reflect.NativeMethodAccessorImpl.invoke(NativeMethodAccessorImpl.java:62) ~[na:na]
	at java.base/jdk.internal.reflect.DelegatingMethodAccessorImpl.invoke(DelegatingMethodAccessorImpl.java:43) ~[na:na]
	at java.base/java.lang.reflect.Method.invoke(Method.java:566) ~[na:na]
	at org.springframework.web.method.support.InvocableHandlerMethod.doInvoke(InvocableHandlerMethod.java:190) ~[spring-web-5.1.7.RELEASE.jar:5.1.7.RELEASE]
	at org.springframework.web.method.support.InvocableHandlerMethod.invokeForRequest(InvocableHandlerMethod.java:138) ~[spring-web-5.1.7.RELEASE.jar:5.1.7.RELEASE]
	at org.springframework.web.servlet.mvc.method.annotation.ServletInvocableHandlerMethod.invokeAndHandle(ServletInvocableHandlerMethod.java:104) ~[spring-webmvc-5.1.7.RELEASE.jar:5.1.7.RELEASE]
	at org.springframework.web.servlet.mvc.method.annotation.RequestMappingHandlerAdapter.invokeHandlerMethod(RequestMappingHandlerAdapter.java:892) ~[spring-webmvc-5.1.7.RELEASE.jar:5.1.7.RELEASE]
	at org.springframework.web.servlet.mvc.method.annotation.RequestMappingHandlerAdapter.handleInternal(RequestMappingHandlerAdapter.java:797) ~[spring-webmvc-5.1.7.RELEASE.jar:5.1.7.RELEASE]
	at org.springframework.web.servlet.mvc.method.AbstractHandlerMethodAdapter.handle(AbstractHandlerMethodAdapter.java:87) ~[spring-webmvc-5.1.7.RELEASE.jar:5.1.7.RELEASE]
	at org.springframework.web.servlet.DispatcherServlet.doDispatch(DispatcherServlet.java:1039) ~[spring-webmvc-5.1.7.RELEASE.jar:5.1.7.RELEASE]
	at org.springframework.web.servlet.DispatcherServlet.doService(DispatcherServlet.java:942) ~[spring-webmvc-5.1.7.RELEASE.jar:5.1.7.RELEASE]
	at org.springframework.web.servlet.FrameworkServlet.processRequest(FrameworkServlet.java:1005) ~[spring-webmvc-5.1.7.RELEASE.jar:5.1.7.RELEASE]
	at org.springframework.web.servlet.FrameworkServlet.doPost(FrameworkServlet.java:908) ~[spring-webmvc-5.1.7.RELEASE.jar:5.1.7.RELEASE]
	at javax.servlet.http.HttpServlet.service(HttpServlet.java:660) ~[tomcat-embed-core-9.0.19.jar:9.0.19]
	at org.springframework.web.servlet.FrameworkServlet.service(FrameworkServlet.java:882) ~[spring-webmvc-5.1.7.RELEASE.jar:5.1.7.RELEASE]
	at javax.servlet.http.HttpServlet.service(HttpServlet.java:741) ~[tomcat-embed-core-9.0.19.jar:9.0.19]
	at org.apache.catalina.core.ApplicationFilterChain.internalDoFilter(ApplicationFilterChain.java:231) ~[tomcat-embed-core-9.0.19.jar:9.0.19]
	at org.apache.catalina.core.ApplicationFilterChain.doFilter(ApplicationFilterChain.java:166) ~[tomcat-embed-core-9.0.19.jar:9.0.19]
	at org.apache.tomcat.websocket.server.WsFilter.doFilter(WsFilter.java:53) ~[tomcat-embed-websocket-9.0.19.jar:9.0.19]
	at org.apache.catalina.core.ApplicationFilterChain.internalDoFilter(ApplicationFilterChain.java:193) ~[tomcat-embed-core-9.0.19.jar:9.0.19]
	at org.apache.catalina.core.ApplicationFilterChain.doFilter(ApplicationFilterChain.java:166) ~[tomcat-embed-core-9.0.19.jar:9.0.19]
	at com.udacity.jdnd.course4.ecommerce.security.JWTAuthenticationVerficationFilter.doFilterInternal(JWTAuthenticationVerficationFilter.java:33) ~[classes/:na]
	at org.springframework.web.filter.OncePerRequestFilter.doFilter(OncePerRequestFilter.java:107) ~[spring-web-5.1.7.RELEASE.jar:5.1.7.RELEASE]
	at org.apache.catalina.core.ApplicationFilterChain.internalDoFilter(ApplicationFilterChain.java:193) ~[tomcat-embed-core-9.0.19.jar:9.0.19]
	at org.apache.catalina.core.ApplicationFilterChain.doFilter(ApplicationFilterChain.java:166) ~[tomcat-embed-core-9.0.19.jar:9.0.19]
	at org.springframework.security.web.FilterChainProxy$VirtualFilterChain.doFilter(FilterChainProxy.java:320) ~[spring-security-web-5.1.5.RELEASE.jar:5.1.5.RELEASE]
	at org.springframework.security.web.access.intercept.FilterSecurityInterceptor.invoke(FilterSecurityInterceptor.java:127) ~[spring-security-web-5.1.5.RELEASE.jar:5.1.5.RELEASE]
	at org.springframework.security.web.access.intercept.FilterSecurityInterceptor.doFilter(FilterSecurityInterceptor.java:91) ~[spring-security-web-5.1.5.RELEASE.jar:5.1.5.RELEASE]
	at org.springframework.security.web.FilterChainProxy$VirtualFilterChain.doFilter(FilterChainProxy.java:334) ~[spring-security-web-5.1.5.RELEASE.jar:5.1.5.RELEASE]
	at org.springframework.security.web.access.ExceptionTranslationFilter.doFilter(ExceptionTranslationFilter.java:119) ~[spring-security-web-5.1.5.RELEASE.jar:5.1.5.RELEASE]
	at org.springframework.security.web.FilterChainProxy$VirtualFilterChain.doFilter(FilterChainProxy.java:334) ~[spring-security-web-5.1.5.RELEASE.jar:5.1.5.RELEASE]
	at org.springframework.security.web.session.SessionManagementFilter.doFilter(SessionManagementFilter.java:137) ~[spring-security-web-5.1.5.RELEASE.jar:5.1.5.RELEASE]
	at org.springframework.security.web.FilterChainProxy$VirtualFilterChain.doFilter(FilterChainProxy.java:334) ~[spring-security-web-5.1.5.RELEASE.jar:5.1.5.RELEASE]
	at org.springframework.security.web.authentication.AnonymousAuthenticationFilter.doFilter(AnonymousAuthenticationFilter.java:111) ~[spring-security-web-5.1.5.RELEASE.jar:5.1.5.RELEASE]
	at org.springframework.security.web.FilterChainProxy$VirtualFilterChain.doFilter(FilterChainProxy.java:334) ~[spring-security-web-5.1.5.RELEASE.jar:5.1.5.RELEASE]
	at org.springframework.security.web.servletapi.SecurityContextHolderAwareRequestFilter.doFilter(SecurityContextHolderAwareRequestFilter.java:170) ~[spring-security-web-5.1.5.RELEASE.jar:5.1.5.RELEASE]
	at org.springframework.security.web.FilterChainProxy$VirtualFilterChain.doFilter(FilterChainProxy.java:334) ~[spring-security-web-5.1.5.RELEASE.jar:5.1.5.RELEASE]
	at org.springframework.security.web.savedrequest.RequestCacheAwareFilter.doFilter(RequestCacheAwareFilter.java:63) ~[spring-security-web-5.1.5.RELEASE.jar:5.1.5.RELEASE]
	at org.springframework.security.web.FilterChainProxy$VirtualFilterChain.doFilter(FilterChainProxy.java:334) ~[spring-security-web-5.1.5.RELEASE.jar:5.1.5.RELEASE]
	at com.udacity.jdnd.course4.ecommerce.security.JWTAuthenticationVerficationFilter.doFilterInternal(JWTAuthenticationVerficationFilter.java:33) ~[classes/:na]
	at org.springframework.web.filter.OncePerRequestFilter.doFilter(OncePerRequestFilter.java:107) ~[spring-web-5.1.7.RELEASE.jar:5.1.7.RELEASE]
	at org.springframework.security.web.FilterChainProxy$VirtualFilterChain.doFilter(FilterChainProxy.java:334) ~[spring-security-web-5.1.5.RELEASE.jar:5.1.5.RELEASE]
	at org.springframework.security.web.authentication.logout.LogoutFilter.doFilter(LogoutFilter.java:116) ~[spring-security-web-5.1.5.RELEASE.jar:5.1.5.RELEASE]
	at org.springframework.security.web.FilterChainProxy$VirtualFilterChain.doFilter(FilterChainProxy.java:334) ~[spring-security-web-5.1.5.RELEASE.jar:5.1.5.RELEASE]
	at org.springframework.web.filter.CorsFilter.doFilterInternal(CorsFilter.java:96) ~[spring-web-5.1.7.RELEASE.jar:5.1.7.RELEASE]
	at org.springframework.web.filter.OncePerRequestFilter.doFilter(OncePerRequestFilter.java:107) ~[spring-web-5.1.7.RELEASE.jar:5.1.7.RELEASE]
	at org.springframework.security.web.FilterChainProxy$VirtualFilterChain.doFilter(FilterChainProxy.java:334) ~[spring-security-web-5.1.5.RELEASE.jar:5.1.5.RELEASE]
	at org.springframework.security.web.header.HeaderWriterFilter.doFilterInternal(HeaderWriterFilter.java:74) ~[spring-security-web-5.1.5.RELEASE.jar:5.1.5.RELEASE]
	at org.springframework.web.filter.OncePerRequestFilter.doFilter(OncePerRequestFilter.java:107) ~[spring-web-5.1.7.RELEASE.jar:5.1.7.RELEASE]
	at org.springframework.security.web.FilterChainProxy$VirtualFilterChain.doFilter(FilterChainProxy.java:334) ~[spring-security-web-5.1.5.RELEASE.jar:5.1.5.RELEASE]
	at org.springframework.security.web.context.SecurityContextPersistenceFilter.doFilter(SecurityContextPersistenceFilter.java:105) ~[spring-security-web-5.1.5.RELEASE.jar:5.1.5.RELEASE]
	at org.springframework.security.web.FilterChainProxy$VirtualFilterChain.doFilter(FilterChainProxy.java:334) ~[spring-security-web-5.1.5.RELEASE.jar:5.1.5.RELEASE]
	at org.springframework.security.web.context.request.async.WebAsyncManagerIntegrationFilter.doFilterInternal(WebAsyncManagerIntegrationFilter.java:56) ~[spring-security-web-5.1.5.RELEASE.jar:5.1.5.RELEASE]
	at org.springframework.web.filter.OncePerRequestFilter.doFilter(OncePerRequestFilter.java:107) ~[spring-web-5.1.7.RELEASE.jar:5.1.7.RELEASE]
	at org.springframework.security.web.FilterChainProxy$VirtualFilterChain.doFilter(FilterChainProxy.java:334) ~[spring-security-web-5.1.5.RELEASE.jar:5.1.5.RELEASE]
	at org.springframework.security.web.FilterChainProxy.doFilterInternal(FilterChainProxy.java:215) ~[spring-security-web-5.1.5.RELEASE.jar:5.1.5.RELEASE]
	at org.springframework.security.web.FilterChainProxy.doFilter(FilterChainProxy.java:178) ~[spring-security-web-5.1.5.RELEASE.jar:5.1.5.RELEASE]
	at org.springframework.web.filter.DelegatingFilterProxy.invokeDelegate(DelegatingFilterProxy.java:357) ~[spring-web-5.1.7.RELEASE.jar:5.1.7.RELEASE]
	at org.springframework.web.filter.DelegatingFilterProxy.doFilter(DelegatingFilterProxy.java:270) ~[spring-web-5.1.7.RELEASE.jar:5.1.7.RELEASE]
	at org.apache.catalina.core.ApplicationFilterChain.internalDoFilter(ApplicationFilterChain.java:193) ~[tomcat-embed-core-9.0.19.jar:9.0.19]
	at org.apache.catalina.core.ApplicationFilterChain.doFilter(ApplicationFilterChain.java:166) ~[tomcat-embed-core-9.0.19.jar:9.0.19]
	at org.springframework.web.filter.RequestContextFilter.doFilterInternal(RequestContextFilter.java:99) ~[spring-web-5.1.7.RELEASE.jar:5.1.7.RELEASE]
	at org.springframework.web.filter.OncePerRequestFilter.doFilter(OncePerRequestFilter.java:107) ~[spring-web-5.1.7.RELEASE.jar:5.1.7.RELEASE]
	at org.apache.catalina.core.ApplicationFilterChain.internalDoFilter(ApplicationFilterChain.java:193) ~[tomcat-embed-core-9.0.19.jar:9.0.19]
	at org.apache.catalina.core.ApplicationFilterChain.doFilter(ApplicationFilterChain.java:166) ~[tomcat-embed-core-9.0.19.jar:9.0.19]
	at org.springframework.web.filter.FormContentFilter.doFilterInternal(FormContentFilter.java:92) ~[spring-web-5.1.7.RELEASE.jar:5.1.7.RELEASE]
	at org.springframework.web.filter.OncePerRequestFilter.doFilter(OncePerRequestFilter.java:107) ~[spring-web-5.1.7.RELEASE.jar:5.1.7.RELEASE]
	at org.apache.catalina.core.ApplicationFilterChain.internalDoFilter(ApplicationFilterChain.java:193) ~[tomcat-embed-core-9.0.19.jar:9.0.19]
	at org.apache.catalina.core.ApplicationFilterChain.doFilter(ApplicationFilterChain.java:166) ~[tomcat-embed-core-9.0.19.jar:9.0.19]
	at org.springframework.web.filter.HiddenHttpMethodFilter.doFilterInternal(HiddenHttpMethodFilter.java:93) ~[spring-web-5.1.7.RELEASE.jar:5.1.7.RELEASE]
	at org.springframework.web.filter.OncePerRequestFilter.doFilter(OncePerRequestFilter.java:107) ~[spring-web-5.1.7.RELEASE.jar:5.1.7.RELEASE]
	at org.apache.catalina.core.ApplicationFilterChain.internalDoFilter(ApplicationFilterChain.java:193) ~[tomcat-embed-core-9.0.19.jar:9.0.19]
	at org.apache.catalina.core.ApplicationFilterChain.doFilter(ApplicationFilterChain.java:166) ~[tomcat-embed-core-9.0.19.jar:9.0.19]
	at org.springframework.web.filter.CharacterEncodingFilter.doFilterInternal(CharacterEncodingFilter.java:200) ~[spring-web-5.1.7.RELEASE.jar:5.1.7.RELEASE]
	at org.springframework.web.filter.OncePerRequestFilter.doFilter(OncePerRequestFilter.java:107) ~[spring-web-5.1.7.RELEASE.jar:5.1.7.RELEASE]
	at org.apache.catalina.core.ApplicationFilterChain.internalDoFilter(ApplicationFilterChain.java:193) ~[tomcat-embed-core-9.0.19.jar:9.0.19]
	at org.apache.catalina.core.ApplicationFilterChain.doFilter(ApplicationFilterChain.java:166) ~[tomcat-embed-core-9.0.19.jar:9.0.19]
	at org.apache.catalina.core.StandardWrapperValve.invoke(StandardWrapperValve.java:200) ~[tomcat-embed-core-9.0.19.jar:9.0.19]
	at org.apache.catalina.core.StandardContextValve.invoke(StandardContextValve.java:96) ~[tomcat-embed-core-9.0.19.jar:9.0.19]
	at org.apache.catalina.authenticator.AuthenticatorBase.invoke(AuthenticatorBase.java:490) ~[tomcat-embed-core-9.0.19.jar:9.0.19]
	at org.apache.catalina.core.StandardHostValve.invoke(StandardHostValve.java:139) ~[tomcat-embed-core-9.0.19.jar:9.0.19]
	at org.apache.catalina.valves.ErrorReportValve.invoke(ErrorReportValve.java:92) ~[tomcat-embed-core-9.0.19.jar:9.0.19]
	at org.apache.catalina.core.StandardEngineValve.invoke(StandardEngineValve.java:74) ~[tomcat-embed-core-9.0.19.jar:9.0.19]
	at org.apache.catalina.connector.CoyoteAdapter.service(CoyoteAdapter.java:343) ~[tomcat-embed-core-9.0.19.jar:9.0.19]
	at org.apache.coyote.http11.Http11Processor.service(Http11Processor.java:408) ~[tomcat-embed-core-9.0.19.jar:9.0.19]
	at org.apache.coyote.AbstractProcessorLight.process(AbstractProcessorLight.java:66) ~[tomcat-embed-core-9.0.19.jar:9.0.19]
	at org.apache.coyote.AbstractProtocol$ConnectionHandler.process(AbstractProtocol.java:836) ~[tomcat-embed-core-9.0.19.jar:9.0.19]
	at org.apache.tomcat.util.net.NioEndpoint$SocketProcessor.doRun(NioEndpoint.java:1747) ~[tomcat-embed-core-9.0.19.jar:9.0.19]
	at org.apache.tomcat.util.net.SocketProcessorBase.run(SocketProcessorBase.java:49) ~[tomcat-embed-core-9.0.19.jar:9.0.19]
	at java.base/java.util.concurrent.ThreadPoolExecutor.runWorker(ThreadPoolExecutor.java:1128) ~[na:na]
	at java.base/java.util.concurrent.ThreadPoolExecutor$Worker.run(ThreadPoolExecutor.java:628) ~[na:na]
	at org.apache.tomcat.util.threads.TaskThread$WrappingRunnable.run(TaskThread.java:61) ~[tomcat-embed-core-9.0.19.jar:9.0.19]
	at java.base/java.lang.Thread.run(Thread.java:834) ~[na:na]

2024-10-31 21:53:50.115  INFO 28712 --- [http-nio-8080-exec-8] c.u.j.c.ecommerce.service.UserService    : Username = thaint12
2024-10-31 21:53:50.191  INFO 28712 --- [http-nio-8080-exec-8] c.u.j.c.ecommerce.service.UserService    : Create User success
2024-10-31 21:54:14.192  INFO 28712 --- [Thread-4] o.s.s.concurrent.ThreadPoolTaskExecutor  : Shutting down ExecutorService 'applicationTaskExecutor'
2024-10-31 21:54:14.195  INFO 28712 --- [Thread-4] j.LocalContainerEntityManagerFactoryBean : Closing JPA EntityManagerFactory for persistence unit 'default'
2024-10-31 21:54:14.196  INFO 28712 --- [Thread-4] com.zaxxer.hikari.HikariDataSource       : HikariPool-1 - Shutdown initiated...
2024-10-31 21:54:14.200  INFO 28712 --- [Thread-4] com.zaxxer.hikari.HikariDataSource       : HikariPool-1 - Shutdown completed.
